Flow report for 4bitRCAdder
Tue Jan 20 21:05:44 2015
Quartus II 32-bit Version 13.0.1 Build 232 06/12/2013 Service Pack 1 SJ Web Edition


---------------------
; Table of Contents ;
---------------------
  1. Legal Notice
  2. Flow Summary
  3. Flow Settings
  4. Flow Non-Default Global Settings
  5. Flow Elapsed Time
  6. Flow OS Summary
  7. Flow Log
  8. Flow Messages
  9. Flow Suppressed Messages



----------------
; Legal Notice ;
----------------
Copyright (C) 1991-2013 Altera Corporation
Your use of Altera Corporation's design tools, logic functions 
and other software and tools, and its AMPP partner logic 
functions, and any output files from any of the foregoing 
(including device programming or simulation files), and any 
associated documentation or information are expressly subject 
to the terms and conditions of the Altera Program License 
Subscription Agreement, Altera MegaCore Function License 
Agreement, or other applicable license agreement, including, 
without limitation, that your use is for the sole purpose of 
programming logic devices manufactured by Altera and sold by 
Altera or its authorized distributors.  Please refer to the 
applicable agreement for further details.



+--------------------------------------------------------------------------------------+
; Flow Summary                                                                         ;
+------------------------------------+-------------------------------------------------+
; Flow Status                        ; Successful - Tue Jan 20 21:05:44 2015           ;
; Quartus II 32-bit Version          ; 13.0.1 Build 232 06/12/2013 SP 1 SJ Web Edition ;
; Revision Name                      ; 4bitRCAdder                                     ;
; Top-level Entity Name              ; fourbitRCAdder                                  ;
; Family                             ; Cyclone IV GX                                   ;
; Total logic elements               ; 7                                               ;
;     Total combinational functions  ; 7                                               ;
;     Dedicated logic registers      ; 0                                               ;
; Total registers                    ; 0                                               ;
; Total pins                         ; 13                                              ;
; Total virtual pins                 ; 0                                               ;
; Total memory bits                  ; 0                                               ;
; Embedded Multiplier 9-bit elements ; 0                                               ;
; Total GXB Receiver Channel PCS     ; 0                                               ;
; Total GXB Receiver Channel PMA     ; 0                                               ;
; Total GXB Transmitter Channel PCS  ; 0                                               ;
; Total GXB Transmitter Channel PMA  ; 0                                               ;
; Total PLLs                         ; 0                                               ;
+------------------------------------+-------------------------------------------------+


+-----------------------------------------+
; Flow Settings                           ;
+-------------------+---------------------+
; Option            ; Setting             ;
+-------------------+---------------------+
; Start date & time ; 01/20/2015 20:59:23 ;
; Main task         ; Compilation         ;
; Revision Name     ; 4bitRCAdder         ;
+-------------------+---------------------+


+-----------------------------------------------------------------------------------------------------------------------+
; Flow Non-Default Global Settings                                                                                      ;
+-------------------------------------+-------------------------------+---------------+----------------+----------------+
; Assignment Name                     ; Value                         ; Default Value ; Entity Name    ; Section Id     ;
+-------------------------------------+-------------------------------+---------------+----------------+----------------+
; COMPILER_SIGNATURE_ID               ; 1096335141903.142175876205388 ; --            ; --             ; --             ;
; EDA_GENERATE_FUNCTIONAL_NETLIST     ; On                            ; --            ; --             ; eda_simulation ;
; EDA_OUTPUT_DATA_FORMAT              ; Verilog Hdl                   ; --            ; --             ; eda_simulation ;
; EDA_SIMULATION_TOOL                 ; ModelSim-Altera (Verilog)     ; <None>        ; --             ; --             ;
; PARTITION_COLOR                     ; 16764057                      ; --            ; fourbitRCAdder ; Top            ;
; PARTITION_FITTER_PRESERVATION_LEVEL ; PLACEMENT_AND_ROUTING         ; --            ; fourbitRCAdder ; Top            ;
; PARTITION_NETLIST_TYPE              ; SOURCE                        ; --            ; fourbitRCAdder ; Top            ;
; PROJECT_OUTPUT_DIRECTORY            ; output_files                  ; --            ; --             ; --             ;
; TOP_LEVEL_ENTITY                    ; fourbitRCAdder                ; 4bitRCAdder   ; --             ; --             ;
+-------------------------------------+-------------------------------+---------------+----------------+----------------+


+--------------------------------------------------------------------------------------------------------------------------+
; Flow Elapsed Time                                                                                                        ;
+----------------------+--------------+-------------------------+---------------------+------------------------------------+
; Module Name          ; Elapsed Time ; Average Processors Used ; Peak Virtual Memory ; Total CPU Time (on all processors) ;
+----------------------+--------------+-------------------------+---------------------+------------------------------------+
; Analysis & Synthesis ; 00:00:09     ; 1.0                     ; 375 MB              ; 00:00:04                           ;
; EDA Netlist Writer   ; 00:00:05     ; 1.0                     ; 350 MB              ; 00:00:02                           ;
; EDA Netlist Writer   ; 00:00:04     ; 1.0                     ; 344 MB              ; 00:00:02                           ;
; EDA Netlist Writer   ; 00:00:04     ; 1.0                     ; 344 MB              ; 00:00:02                           ;
; EDA Netlist Writer   ; 00:00:03     ; 1.0                     ; 344 MB              ; 00:00:02                           ;
; Total                ; 00:00:25     ; --                      ; --                  ; 00:00:12                           ;
+----------------------+--------------+-------------------------+---------------------+------------------------------------+


+-----------------------------------------------------------------------------------+
; Flow OS Summary                                                                   ;
+----------------------+------------------+-----------+------------+----------------+
; Module Name          ; Machine Hostname ; OS Name   ; OS Version ; Processor type ;
+----------------------+------------------+-----------+------------+----------------+
; Analysis & Synthesis ; PAT              ; Windows 7 ; 6.2        ; i686           ;
; EDA Netlist Writer   ; PAT              ; Windows 7 ; 6.2        ; i686           ;
; EDA Netlist Writer   ; PAT              ; Windows 7 ; 6.2        ; i686           ;
; EDA Netlist Writer   ; PAT              ; Windows 7 ; 6.2        ; i686           ;
; EDA Netlist Writer   ; PAT              ; Windows 7 ; 6.2        ; i686           ;
+----------------------+------------------+-----------+------------+----------------+


------------
; Flow Log ;
------------
quartus_map --read_settings_files=on --write_settings_files=off 4bitRCAdder -c 4bitRCAdder
quartus_eda --gen_testbench --check_outputs=on --tool=modelsim_oem --format=verilog 4bitRCAdder -c 4bitRCAdder --vector_source="D:/University/Subjects/EE 177/4bitRCAdder/Waveform2.vwf" --testbench_file=./simulation/qsim/4bitRCAdder.vt
quartus_eda --functional=on --simulation=on --tool=modelsim_oem --format=verilog 4bitRCAdder -c 4bitRCAdder
quartus_eda --gen_testbench --check_outputs=on --tool=modelsim_oem --format=verilog 4bitRCAdder -c 4bitRCAdder --vector_source="D:/University/Subjects/EE 177/4bitRCAdder/Waveform3.vwf" --testbench_file=./simulation/qsim/4bitRCAdder.vt
quartus_eda --functional=on --simulation=on --tool=modelsim_oem --format=verilog 4bitRCAdder -c 4bitRCAdder



